D:\USERDATA\LAMPAYAN\MY DOCUMENTS\VISUAL STUDIO 2012\PROJECTS\SANDBOXAPPLICATION\SANDBOXAPPLICATION\DEBUG\SANDBOXAPPLICATION.PCH
D:\USERDATA\LAMPAYAN\MY DOCUMENTS\VISUAL STUDIO 2012\PROJECTS\SANDBOXAPPLICATION\SANDBOXAPPLICATION\DEBUG\STDAFX.OBJ
D:\USERDATA\LAMPAYAN\MY DOCUMENTS\VISUAL STUDIO 2012\PROJECTS\SANDBOXAPPLICATION\SANDBOXAPPLICATION\DEBUG\VC110.PDB
D:\USERDATA\LAMPAYAN\MY DOCUMENTS\VISUAL STUDIO 2012\PROJECTS\SANDBOXAPPLICATION\SANDBOXAPPLICATION\DEBUG\SANDBOXAPPLICATION.OBJ
D:\USERDATA\LAMPAYAN\MY DOCUMENTS\VISUAL STUDIO 2012\PROJECTS\SANDBOXAPPLICATION\SANDBOXAPPLICATION\DEBUG\SANDBOXENCLAVE_U.OBJ
D:\USERDATA\LAMPAYAN\MY DOCUMENTS\VISUAL STUDIO 2012\PROJECTS\SANDBOXAPPLICATION\SANDBOXAPPLICATION\SANDBOXENCLAVE_U.H
D:\USERDATA\LAMPAYAN\MY DOCUMENTS\VISUAL STUDIO 2012\PROJECTS\SANDBOXAPPLICATION\SANDBOXAPPLICATION\SANDBOXENCLAVE_U.C
D:\USERDATA\LAMPAYAN\MY DOCUMENTS\VISUAL STUDIO 2012\PROJECTS\SANDBOXAPPLICATION\DEBUG\SANDBOXAPPLICATION.ILK
D:\USERDATA\LAMPAYAN\MY DOCUMENTS\VISUAL STUDIO 2012\PROJECTS\SANDBOXAPPLICATION\DEBUG\SANDBOXAPPLICATION.EXE
D:\USERDATA\LAMPAYAN\MY DOCUMENTS\VISUAL STUDIO 2012\PROJECTS\SANDBOXAPPLICATION\DEBUG\SANDBOXAPPLICATION.PDB
D:\userdata\lampayan\My Documents\Visual Studio 2012\Projects\SandboxApplication\SandboxApplication\Debug\SandboxApplication.obj
D:\userdata\lampayan\My Documents\Visual Studio 2012\Projects\SandboxApplication\SandboxApplication\Debug\SandboxEnclave_u.obj
D:\userdata\lampayan\My Documents\Visual Studio 2012\Projects\SandboxApplication\SandboxApplication\Debug\stdafx.obj
D:\userdata\lampayan\My Documents\Visual Studio 2012\Projects\SandboxApplication\SandboxApplication\Debug\cl.command.1.tlog
D:\userdata\lampayan\My Documents\Visual Studio 2012\Projects\SandboxApplication\SandboxApplication\Debug\CL.read.1.tlog
D:\userdata\lampayan\My Documents\Visual Studio 2012\Projects\SandboxApplication\SandboxApplication\Debug\CL.write.1.tlog
D:\userdata\lampayan\My Documents\Visual Studio 2012\Projects\SandboxApplication\SandboxApplication\Debug\custombuild.command.1.tlog
D:\userdata\lampayan\My Documents\Visual Studio 2012\Projects\SandboxApplication\SandboxApplication\Debug\custombuild.read.1.tlog
D:\userdata\lampayan\My Documents\Visual Studio 2012\Projects\SandboxApplication\SandboxApplication\Debug\custombuild.write.1.tlog
D:\userdata\lampayan\My Documents\Visual Studio 2012\Projects\SandboxApplication\SandboxApplication\Debug\link-cvtres.read.1.tlog
D:\userdata\lampayan\My Documents\Visual Studio 2012\Projects\SandboxApplication\SandboxApplication\Debug\link-cvtres.write.1.tlog
D:\userdata\lampayan\My Documents\Visual Studio 2012\Projects\SandboxApplication\SandboxApplication\Debug\link-rc.read.1.tlog
D:\userdata\lampayan\My Documents\Visual Studio 2012\Projects\SandboxApplication\SandboxApplication\Debug\link-rc.write.1.tlog
D:\userdata\lampayan\My Documents\Visual Studio 2012\Projects\SandboxApplication\SandboxApplication\Debug\link.14348-cvtres.read.1.tlog
D:\userdata\lampayan\My Documents\Visual Studio 2012\Projects\SandboxApplication\SandboxApplication\Debug\link.14348-cvtres.write.1.tlog
D:\userdata\lampayan\My Documents\Visual Studio 2012\Projects\SandboxApplication\SandboxApplication\Debug\link.14348-rc.read.1.tlog
D:\userdata\lampayan\My Documents\Visual Studio 2012\Projects\SandboxApplication\SandboxApplication\Debug\link.14348-rc.write.1.tlog
D:\userdata\lampayan\My Documents\Visual Studio 2012\Projects\SandboxApplication\SandboxApplication\Debug\link.14348.read.1.tlog
D:\userdata\lampayan\My Documents\Visual Studio 2012\Projects\SandboxApplication\SandboxApplication\Debug\link.14348.write.1.tlog
D:\userdata\lampayan\My Documents\Visual Studio 2012\Projects\SandboxApplication\SandboxApplication\Debug\link.command.1.tlog
D:\userdata\lampayan\My Documents\Visual Studio 2012\Projects\SandboxApplication\SandboxApplication\Debug\link.read.1.tlog
D:\userdata\lampayan\My Documents\Visual Studio 2012\Projects\SandboxApplication\SandboxApplication\Debug\link.write.1.tlog
D:\userdata\lampayan\My Documents\Visual Studio 2012\Projects\SandboxApplication\SandboxApplication\Debug\SandboxApplication.pch
D:\userdata\lampayan\My Documents\Visual Studio 2012\Projects\SandboxApplication\SandboxApplication\Debug\vc110.idb
D:\userdata\lampayan\My Documents\Visual Studio 2012\Projects\SandboxApplication\SandboxApplication\Debug\vc110.pdb
D:\userdata\lampayan\My Documents\Visual Studio 2012\Projects\SandboxApplication\Debug\SandboxApplication.pdb
D:\userdata\lampayan\My Documents\Visual Studio 2012\Projects\SandboxApplication\Debug\SandboxApplication.exe
D:\userdata\lampayan\My Documents\Visual Studio 2012\Projects\SandboxApplication\Debug\SandboxApplication.ilk
